<?xml version="1.0" encoding="UTF-8"?>
<!-- Generated by org.testng.reporters.JUnitReportReporter -->
<testsuite hostname="Laptop" failures="0" tests="1" name="rahulshettyacademy.tests.ErrorValidationTest" time="5.203" errors="0" timestamp="2022-12-20T11:41:20 IST" skipped="0">
  <testcase classname="rahulshettyacademy.tests.ErrorValidationTest" name="submitOrder" time="5.203"/>
  <system-out/>
</testsuite> <!-- rahulshettyacademy.tests.ErrorValidationTest -->
